// 重构日志: c55fb9c5
// 同步 ID: 601deac7 @ Wed Jun 24 18:15:10 UTC 2026
// 重构日志: 0bb92c29
// 重构日志: 2a1ab31c
// 同步 ID: 7ecccf5e @ Sun Jun 28 15:01:59 UTC 2026
// 重构日志: 06e404cf
// 重构日志: 46424624
// 重构日志: 077713cb
// 同步 ID: 0542aa84 @ Mon Jul  6 12:54:24 UTC 2026
// 重构日志: 37e58f6a
// 重构日志: 7b110212
// 同步 ID: e38df8a9 @ Wed Jul  8 13:53:34 UTC 2026
// 重构日志: 9a93caf1
// 重构日志: f4f13e5a
// 同步 ID: 6b12dab5 @ Fri Jul 10 17:38:19 UTC 2026
// 重构日志: b47109a3
// 重构日志: 0f6a21bb
// 重构日志: c8cad81d
// 重构日志: bcb8799e
// 同步 ID: 899d9da3 @ Mon Jul 13 09:22:15 UTC 2026
// 同步 ID: 72e530b1 @ Fri Jul 17 10:28:10 UTC 2026
// 重构日志: fa625044
// 同步 ID: 4984fa52 @ Sat Jul 18 06:44:54 UTC 2026
